# JRE version: Java(TM) SE Runtime Environment (21.0.1+12) (build 21.0.1+12-LTS-29)
# Java VM: Java HotSpot(TM) 64-Bit Server VM (21.0.1+12-LTS-29, mixed mode, sharing, tiered, compressed oops, compressed class ptrs, g1 gc, windows-amd64)
GC Precious Log:
 CardTable entry size: 512
 Card Set container configuration: InlinePtr #cards 5 size 8 Array Of Cards #cards 12 size 40 Howl #buckets 4 coarsen threshold 1843 Howl Bitmap #cards 512 size 80 coarsen threshold 460 Card regions per heap region 1 cards per card region 2048
 CPUs: 8 total, 8 available
 Memory: 5877M
 Large Page Support: Disabled
 NUMA Support: Disabled
 Compressed Oops: Enabled (32-bit)
 Heap Region Size: 1M
 Heap Min Capacity: 8M
 Heap Initial Capacity: 92M
 Heap Max Capacity: 1470M
 Pre-touch: Disabled
 Parallel Workers: 8
 Concurrent Workers: 2
 Concurrent Refinement Workers: 8
 Periodic GC: Disabled
Heap:
 garbage-first heap   total 40960K, used 34798K [0x00000000a4200000, 0x0000000100000000)
  region size 1024K, 25 young (25600K), 1 survivors (1024K)
 Metaspace       used 26116K, committed 26496K, reserved 1114112K
  class space    used 3039K, committed 3200K, reserved 1048576K
GC Heap History (8 events):
Event: 1.176 GC heap before
{Heap before GC invocations=0 (full 0):
 garbage-first heap   total 94208K, used 23552K [0x00000000a4200000, 0x0000000100000000)
  region size 1024K, 23 young (23552K), 0 survivors (0K)
 Metaspace       used 5836K, committed 6016K, reserved 1114112K
  class space    used 673K, committed 768K, reserved 1048576K
}
Event: 1.188 GC heap after
{Heap after GC invocations=1 (full 0):
 garbage-first heap   total 94208K, used 4035K [0x00000000a4200000, 0x0000000100000000)
  region size 1024K, 3 young (3072K), 3 survivors (3072K)
 Metaspace       used 5836K, committed 6016K, reserved 1114112K
  class space    used 673K, committed 768K, reserved 1048576K
}
Event: 2.277 GC heap before
{Heap before GC invocations=1 (full 0):
 garbage-first heap   total 94208K, used 34755K [0x00000000a4200000, 0x0000000100000000)
  region size 1024K, 33 young (33792K), 3 survivors (3072K)
 Metaspace       used 10421K, committed 10624K, reserved 1114112K
  class space    used 1233K, committed 1344K, reserved 1048576K
}
Event: 2.287 GC heap after
{Heap after GC invocations=2 (full 0):
 garbage-first heap   total 94208K, used 6144K [0x00000000a4200000, 0x0000000100000000)
  region size 1024K, 2 young (2048K), 2 survivors (2048K)
 Metaspace       used 10421K, committed 10624K, reserved 1114112K
  class space    used 1233K, committed 1344K, reserved 1048576K
}
Event: 4.481 GC heap before
{Heap before GC invocations=2 (full 0):
 garbage-first heap   total 94208K, used 60416K [0x00000000a4200000, 0x0000000100000000)
  region size 1024K, 55 young (56320K), 2 survivors (2048K)
 Metaspace       used 17132K, committed 17408K, reserved 1114112K
  class space    used 1986K, committed 2112K, reserved 1048576K
}
Event: 4.497 GC heap after
{Heap after GC invocations=3 (full 0):
 garbage-first heap   total 94208K, used 10240K [0x00000000a4200000, 0x0000000100000000)
  region size 1024K, 6 young (6144K), 6 survivors (6144K)
 Metaspace       used 17132K, committed 17408K, reserved 1114112K
  class space    used 1986K, committed 2112K, reserved 1048576K
}
Event: 4.876 GC heap before
{Heap before GC invocations=3 (full 0):
 garbage-first heap   total 94208K, used 14336K [0x00000000a4200000, 0x0000000100000000)
  region size 1024K, 11 young (11264K), 6 survivors (6144K)
 Metaspace       used 21186K, committed 21504K, reserved 1114112K
  class space    used 2515K, committed 2688K, reserved 1048576K
}
Event: 4.891 GC heap after
{Heap after GC invocations=4 (full 0):
 garbage-first heap   total 94208K, used 11246K [0x00000000a4200000, 0x0000000100000000)
  region size 1024K, 1 young (1024K), 1 survivors (1024K)
 Metaspace       used 21186K, committed 21504K, reserved 1114112K
  class space    used 2515K, committed 2688K, reserved 1048576K
}

